<?xml version="1.0" encoding="UTF-8" ?>
<testsuite tests="6" failures="0" name="com.lab3.model.dao.RatingDAOTest" time="0.343" errors="0" skipped="0">
  <properties>
[...]
</properties>
  <testcase classname="com.lab3.model.dao.RatingDAOTest" name="findRatingsByGameNameAndUserMail" time="0.107"/>
  <testcase classname="com.lab3.model.dao.RatingDAOTest" name="findAllRatingsForGame" time="0.051"/>
  <testcase classname="com.lab3.model.dao.RatingDAOTest" name="invalidRatingsByGameNameAndUserMail" time="0.031"/>
  <testcase classname="com.lab3.model.dao.RatingDAOTest" name="testFindAllRatingsByName" time="0.04"/>
  <testcase classname="com.lab3.model.dao.RatingDAOTest" name="create_rating" time="0.045"/>
  <testcase classname="com.lab3.model.dao.RatingDAOTest" name="remove_rating" time="0.069"/>
</testsuite>